#
# A fatal error has been detected by the Java Runtime Environment:
#
#  EXCEPTION_ACCESS_VIOLATION (0xc0000005) at pc=0x0000000002e924b1, pid=575796, tid=585376
#
# JRE version: Java(TM) SE Runtime Environment (8.0_25-b18) (build 1.8.0_25-b18)
# Java VM: Java HotSpot(TM) 64-Bit Server VM (25.25-b02 mixed mode windows-amd64 compressed oops)
# Problematic frame:
# j  java.util.IdentityHashMap.put(Ljava/lang/Object;Ljava/lang/Object;)Ljava/lang/Object;+75
#
# Failed to write core dump. Minidumps are not enabled by default on client versions of Windows
#
# If you would like to submit a bug report, please visit:
#   http://bugreport.sun.com/bugreport/crash.jsp
#

---------------  T H R E A D  ---------------

Current thread (0x0000000002d6e000):  JavaThread "main" [_thread_in_Java, id=585376, stack(0x0000000002a80000,0x0000000002b80000)]

siginfo: ExceptionCode=0xc0000005, reading address 0x00000000df6fe430

Registers:
RAX=0x00000007c0000f28, RBX=0x00000000df6fe408, RCX=0x0000000000000028, RDX=0x000000076bc4fd50
RSP=0x0000000002b7f320, RBP=0x0000000002b7f378, RSI=0x000000001be7d080, RDI=0x0000000002e77510
R8 =0x0000000000000004, R9 =0x00000000000000d8, R10=0x000000006905e2b0, R11=0x0000000002d676d0
R12=0x0000000000000000, R13=0x000000001be7e7b8, R14=0x0000000002b7f3c8, R15=0x0000000002d6e000
RIP=0x0000000002e924b1, EFLAGS=0x0000000000010283

Top of Stack: (sp=0x0000000002b7f320)
0x0000000002b7f320:   0000000002b7f4c8 0000000000000028
0x0000000002b7f330:   000000076bc4fca0 0000000002b7f338
0x0000000002b7f340:   000000001be7e7ab 0000000002b7f3c8
0x0000000002b7f350:   000000001be7fc38 0000000000000000
0x0000000002b7f360:   000000001be7e7f8 0000000000000000
0x0000000002b7f370:   0000000002b7f3b8 0000000002b7f410
0x0000000002b7f380:   0000000002e77924 0000000000000000
0x0000000002b7f390:   0000000000000000 0000000000000028
0x0000000002b7f3a0:   0000000000000040 000000076bc4fca0
0x0000000002b7f3b0:   0000000002b7f4c8 000000076b42abd0
0x0000000002b7f3c0:   0000000002b7f4c8 000000076bc4fc78
0x0000000002b7f3d0:   0000000002b7f3d0 000000001bc0a788
0x0000000002b7f3e0:   0000000002b7f428 000000001bc0b1f0
0x0000000002b7f3f0:   0000000000000000 000000001bc0a7a0
0x0000000002b7f400:   0000000002b7f3b8 0000000002b7f420
0x0000000002b7f410:   0000000002b7f470 0000000002e772e5 

Instructions: (pc=0x0000000002e924b1)
0x0000000002e92491:   89 59 10 bf 01 00 00 00 48 89 79 18 48 83 c1 30
0x0000000002e924a1:   48 89 4d e0 48 3b d8 0f 84 5a 00 00 00 8b 48 0c
0x0000000002e924b1:   48 3b 04 0b 0f 84 4d 00 00 00 83 f9 18 0f 85 22
0x0000000002e924c1:   00 00 00 50 48 8b c0 57 48 8b 7b 20 8b 0f 48 83 


Register to memory mapping:

RAX=0x00000007c0000f28 is pointing into metadata
RBX=0x00000000df6fe408 is an unknown value
RCX=0x0000000000000028 is an unknown value
RDX=0x000000076bc4fd50 is an oop

[error occurred during error reporting (printing register info), id 0xc0000005]

Stack: [0x0000000002a80000,0x0000000002b80000],  sp=0x0000000002b7f320,  free space=1020k
Native frames: (J=compiled Java code, j=interpreted, Vv=VM code, C=native code)
C  0x0000000002e924b1


---------------  P R O C E S S  ---------------

Java Threads: ( => current thread )
  0x000000001e1d1800 JavaThread "Service Thread" daemon [_thread_blocked, id=585784, stack(0x000000001e7e0000,0x000000001e8e0000)]
  0x000000001e15e800 JavaThread "C1 CompilerThread2" daemon [_thread_blocked, id=585780, stack(0x000000001e6e0000,0x000000001e7e0000)]
  0x000000001e16f000 JavaThread "C2 CompilerThread1" daemon [_thread_blocked, id=585776, stack(0x000000001e5e0000,0x000000001e6e0000)]
  0x000000001e16e000 JavaThread "C2 CompilerThread0" daemon [_thread_blocked, id=585772, stack(0x000000001e4e0000,0x000000001e5e0000)]
  0x000000001c457800 JavaThread "JDWP Command Reader" daemon [_thread_in_native, id=585756, stack(0x000000001dfe0000,0x000000001e0e0000)]
  0x000000001c452000 JavaThread "JDWP Event Helper Thread" daemon [_thread_blocked, id=585752, stack(0x000000001dee0000,0x000000001dfe0000)]
  0x000000001c444000 JavaThread "JDWP Transport Listener: dt_socket" daemon [_thread_blocked, id=585744, stack(0x000000001dde0000,0x000000001dee0000)]
  0x000000001c43d800 JavaThread "Attach Listener" daemon [_thread_blocked, id=585732, stack(0x000000001d9a0000,0x000000001daa0000)]
  0x000000001c43c000 JavaThread "Signal Dispatcher" daemon [_thread_blocked, id=584324, stack(0x000000001d8a0000,0x000000001d9a0000)]
  0x0000000002e67000 JavaThread "Finalizer" daemon [_thread_blocked, id=578672, stack(0x000000001d6a0000,0x000000001d7a0000)]
  0x0000000002e5e000 JavaThread "Reference Handler" daemon [_thread_blocked, id=585528, stack(0x000000001d5a0000,0x000000001d6a0000)]
=>0x0000000002d6e000 JavaThread "main" [_thread_in_Java, id=585376, stack(0x0000000002a80000,0x0000000002b80000)]

Other Threads:
  0x000000001c406800 VMThread [stack: 0x000000001d4a0000,0x000000001d5a0000] [id=575264]
  0x000000001e1e7000 WatcherThread [stack: 0x000000001e8e0000,0x000000001e9e0000] [id=585788]

VM state:not at safepoint (normal execution)

VM Mutex/Monitor currently owned by a thread: None

Heap:
 PSYoungGen      total 76288K, used 9175K [0x000000076b400000, 0x0000000770900000, 0x00000007c0000000)
  eden space 65536K, 14% used [0x000000076b400000,0x000000076bcf5ec0,0x000000076f400000)
  from space 10752K, 0% used [0x000000076fe80000,0x000000076fe80000,0x0000000770900000)
  to   space 10752K, 0% used [0x000000076f400000,0x000000076f400000,0x000000076fe80000)
 ParOldGen       total 175104K, used 0K [0x00000006c1c00000, 0x00000006cc700000, 0x000000076b400000)
  object space 175104K, 0% used [0x00000006c1c00000,0x00000006c1c00000,0x00000006cc700000)
 Metaspace       used 4723K, capacity 4898K, committed 5248K, reserved 1056768K
  class space    used 494K, capacity 529K, committed 640K, reserved 1048576K

Card table byte_map: [0x0000000012230000,0x0000000012a30000] byte_map_base: 0x000000000ec22000

Marking Bits: (ParMarkBitMap*) 0x000000006906d490
 Begin Bits: [0x0000000013380000, 0x0000000017310000)
 End Bits:   [0x0000000017310000, 0x000000001b2a0000)

Polling page: 0x0000000000f60000

CodeCache: size=245760Kb used=1283Kb max_used=1294Kb free=244476Kb
 bounds [0x0000000002e70000, 0x00000000030e0000, 0x0000000011e70000]
 total_blobs=397 nmethods=115 adapters=204
 compilation: enabled

Compilation events (10 events):
Event: 0.287 Thread 0x000000001e15e800  111       3       org.eclipse.jdt.launching.internal.org.objectweb.asm.ClassReader::readUTF8 (23 bytes)
Event: 0.287 Thread 0x000000001e15e800 nmethod 111 0x0000000002fac750 code [0x0000000002fac8c0, 0x0000000002facc48]
Event: 0.287 Thread 0x000000001e15e800  112       3       org.eclipse.jdt.launching.internal.org.objectweb.asm.ClassReader::readUtf (44 bytes)
Event: 0.287 Thread 0x000000001e15e800 nmethod 112 0x0000000002faf6d0 code [0x0000000002faf860, 0x0000000002fafd08]
Event: 31.842 Thread 0x000000001e15e800  113       1       java.security.ProtectionDomain::getCodeSource (5 bytes)
Event: 31.842 Thread 0x000000001e15e800 nmethod 113 0x0000000002fb0090 code [0x0000000002fb01e0, 0x0000000002fb02f0]
Event: 31.842 Thread 0x000000001e15e800  114       3       org.eclipse.jdt.launching.internal.org.objectweb.asm.SymbolTable::addConstantUtf8 (98 bytes)
Event: 31.843 Thread 0x000000001e15e800 nmethod 114 0x0000000002fb0350 code [0x0000000002fb0540, 0x0000000002fb0d38]
Event: 31.843 Thread 0x000000001e16f000  115       4       org.eclipse.jdt.launching.internal.org.objectweb.asm.ClassReader::readUnsignedShort (26 bytes)
Event: 31.844 Thread 0x000000001e16f000 nmethod 115 0x0000000002fb3e90 code [0x0000000002fb3fe0, 0x0000000002fb40f8]

GC Heap History (0 events):
No events

Deoptimization events (0 events):
No events

Internal exceptions (10 events):
Event: 0.271 Thread 0x0000000002d6e000 Exception <a 'java/security/PrivilegedActionException'> (0x000000076bbff740) thrown at [D:\re\workspace\8-2-build-windows-amd64-cygwin\jdk8u25\1677\hotspot\src\share\vm\prims\jvm.cpp, line 1312]
Event: 0.273 Thread 0x0000000002d6e000 Exception <a 'java/security/PrivilegedActionException'> (0x000000076bc05300) thrown at [D:\re\workspace\8-2-build-windows-amd64-cygwin\jdk8u25\1677\hotspot\src\share\vm\prims\jvm.cpp, line 1312]
Event: 0.274 Thread 0x0000000002d6e000 Exception <a 'java/security/PrivilegedActionException'> (0x000000076bc188a0) thrown at [D:\re\workspace\8-2-build-windows-amd64-cygwin\jdk8u25\1677\hotspot\src\share\vm\prims\jvm.cpp, line 1312]
Event: 0.275 Thread 0x0000000002d6e000 Exception <a 'java/security/PrivilegedActionException'> (0x000000076bc1d868) thrown at [D:\re\workspace\8-2-build-windows-amd64-cygwin\jdk8u25\1677\hotspot\src\share\vm\prims\jvm.cpp, line 1312]
Event: 0.276 Thread 0x0000000002d6e000 Exception <a 'java/security/PrivilegedActionException'> (0x000000076bc22c00) thrown at [D:\re\workspace\8-2-build-windows-amd64-cygwin\jdk8u25\1677\hotspot\src\share\vm\prims\jvm.cpp, line 1312]
Event: 0.282 Thread 0x0000000002d6e000 Exception <a 'java/security/PrivilegedActionException'> (0x000000076bc2c638) thrown at [D:\re\workspace\8-2-build-windows-amd64-cygwin\jdk8u25\1677\hotspot\src\share\vm\prims\jvm.cpp, line 1312]
Event: 0.284 Thread 0x0000000002d6e000 Exception <a 'java/security/PrivilegedActionException'> (0x000000076bc39580) thrown at [D:\re\workspace\8-2-build-windows-amd64-cygwin\jdk8u25\1677\hotspot\src\share\vm\prims\jvm.cpp, line 1312]
Event: 0.285 Thread 0x0000000002d6e000 Exception <a 'java/security/PrivilegedActionException'> (0x000000076bc41510) thrown at [D:\re\workspace\8-2-build-windows-amd64-cygwin\jdk8u25\1677\hotspot\src\share\vm\prims\jvm.cpp, line 1312]
Event: 0.286 Thread 0x0000000002d6e000 Exception <a 'java/security/PrivilegedActionException'> (0x000000076bc47f18) thrown at [D:\re\workspace\8-2-build-windows-amd64-cygwin\jdk8u25\1677\hotspot\src\share\vm\prims\jvm.cpp, line 1312]
Event: 0.287 Thread 0x0000000002d6e000 Exception <a 'java/lang/ArrayIndexOutOfBoundsException': 5> (0x000000076bc4d3a0) thrown at [D:\re\workspace\8-2-build-windows-amd64-cygwin\jdk8u25\1677\hotspot\src\share\vm\interpreter\interpreterRuntime.cpp, line 366]

Events (10 events):
Event: 31.847 Executing VM operation: GetCurrentLocation
Event: 31.847 Executing VM operation: GetCurrentLocation done
Event: 31.847 Executing VM operation: ChangeSingleStep
Event: 31.847 Executing VM operation: ChangeSingleStep done
Event: 31.850 Executing VM operation: ChangeSingleStep
Event: 31.850 Executing VM operation: ChangeSingleStep done
Event: 33.502 loading class java/util/IdentityHashMap
Event: 33.502 loading class java/util/IdentityHashMap done
Event: 33.502 loading class java/util/IdentityHashMap$KeySet
Event: 33.502 loading class java/util/IdentityHashMap$KeySet done


Dynamic libraries:
0x00007ff7808a0000 - 0x00007ff7808d4000 	D:\Program Files\Java\jdk1.8.0_25\bin\javaw.exe
0x00007ffe3de80000 - 0x00007ffe3e070000 	C:\WINDOWS\SYSTEM32\ntdll.dll
0x00007ffe3c100000 - 0x00007ffe3c1b2000 	C:\WINDOWS\System32\KERNEL32.DLL
0x00007ffe3bc80000 - 0x00007ffe3bf24000 	C:\WINDOWS\System32\KERNELBASE.dll
0x00007ffe3d920000 - 0x00007ffe3d9c3000 	C:\WINDOWS\System32\ADVAPI32.dll
0x00007ffe3db70000 - 0x00007ffe3dc0e000 	C:\WINDOWS\System32\msvcrt.dll
0x00007ffe3bf30000 - 0x00007ffe3bfc7000 	C:\WINDOWS\System32\sechost.dll
0x00007ffe3d9d0000 - 0x00007ffe3daf0000 	C:\WINDOWS\System32\RPCRT4.dll
0x00007ffe3dca0000 - 0x00007ffe3de34000 	C:\WINDOWS\System32\USER32.dll
0x00007ffe3ba40000 - 0x00007ffe3ba61000 	C:\WINDOWS\System32\win32u.dll
0x00007ffe3cef0000 - 0x00007ffe3cf16000 	C:\WINDOWS\System32\GDI32.dll
0x00007ffe3ae10000 - 0x00007ffe3afa4000 	C:\WINDOWS\System32\gdi32full.dll
0x00007ffe3b9a0000 - 0x00007ffe3ba3e000 	C:\WINDOWS\System32\msvcp_win.dll
0x00007ffe3baf0000 - 0x00007ffe3bbea000 	C:\WINDOWS\System32\ucrtbase.dll
0x00007ffe339d0000 - 0x00007ffe33c54000 	C:\WINDOWS\WinSxS\amd64_microsoft.windows.common-controls_6595b64144ccf1df_6.0.18362.836_none_e6c4b943130f18ed\COMCTL32.dll
0x00007ffe3cbb0000 - 0x00007ffe3cee6000 	C:\WINDOWS\System32\combase.dll
0x00007ffe3ba70000 - 0x00007ffe3baf0000 	C:\WINDOWS\System32\bcryptPrimitives.dll
0x00007ffe3cf20000 - 0x00007ffe3cf4e000 	C:\WINDOWS\System32\IMM32.DLL
0x0000000068600000 - 0x00000000686d2000 	D:\Program Files\Java\jdk1.8.0_25\jre\bin\msvcr100.dll
0x0000000068890000 - 0x00000000690ea000 	D:\Program Files\Java\jdk1.8.0_25\jre\bin\server\jvm.dll
0x00007ffe3dc90000 - 0x00007ffe3dc98000 	C:\WINDOWS\System32\PSAPI.DLL
0x00007ffe293c0000 - 0x00007ffe293c9000 	C:\WINDOWS\SYSTEM32\WSOCK32.dll
0x00007ffe3db00000 - 0x00007ffe3db6f000 	C:\WINDOWS\System32\WS2_32.dll
0x00007ffe38eb0000 - 0x00007ffe38ed4000 	C:\WINDOWS\SYSTEM32\WINMM.dll
0x00007ffe38e50000 - 0x00007ffe38e7d000 	C:\WINDOWS\SYSTEM32\WINMMBASE.dll
0x00007ffe3b730000 - 0x00007ffe3b77a000 	C:\WINDOWS\System32\cfgmgr32.dll
0x00000000687a0000 - 0x00000000687af000 	D:\Program Files\Java\jdk1.8.0_25\jre\bin\verify.dll
0x0000000068770000 - 0x0000000068798000 	D:\Program Files\Java\jdk1.8.0_25\jre\bin\java.dll
0x00000000685c0000 - 0x00000000685f5000 	D:\Program Files\Java\jdk1.8.0_25\jre\bin\jdwp.dll
0x00000000685b0000 - 0x00000000685b8000 	D:\Program Files\Java\jdk1.8.0_25\jre\bin\npt.dll
0x0000000068580000 - 0x00000000685a3000 	D:\Program Files\Java\jdk1.8.0_25\jre\bin\instrument.dll
0x0000000068750000 - 0x0000000068766000 	D:\Program Files\Java\jdk1.8.0_25\jre\bin\zip.dll
0x00007ffe3c4c0000 - 0x00007ffe3cba4000 	C:\WINDOWS\System32\SHELL32.dll
0x00007ffe3d7f0000 - 0x00007ffe3d899000 	C:\WINDOWS\System32\shcore.dll
0x00007ffe3afb0000 - 0x00007ffe3b72e000 	C:\WINDOWS\System32\windows.storage.dll
0x00007ffe3ad70000 - 0x00007ffe3ad93000 	C:\WINDOWS\System32\profapi.dll
0x00007ffe3adc0000 - 0x00007ffe3ae0a000 	C:\WINDOWS\System32\powrprof.dll
0x00007ffe3ad40000 - 0x00007ffe3ad50000 	C:\WINDOWS\System32\UMPDC.dll
0x00007ffe3d8a0000 - 0x00007ffe3d8f2000 	C:\WINDOWS\System32\shlwapi.dll
0x00007ffe3ad50000 - 0x00007ffe3ad61000 	C:\WINDOWS\System32\kernel.appcore.dll
0x00007ffe3b780000 - 0x00007ffe3b797000 	C:\WINDOWS\System32\cryptsp.dll
0x0000000068570000 - 0x0000000068579000 	D:\Program Files\Java\jdk1.8.0_25\jre\bin\dt_socket.dll
0x00007ffe33720000 - 0x00007ffe33736000 	C:\WINDOWS\system32\napinsp.dll
0x00007ffe33d70000 - 0x00007ffe33d8a000 	C:\WINDOWS\system32\pnrpnsp.dll
0x00007ffe3a550000 - 0x00007ffe3a5b7000 	C:\WINDOWS\System32\mswsock.dll
0x00007ffe3a2a0000 - 0x00007ffe3a36b000 	C:\WINDOWS\SYSTEM32\DNSAPI.dll
0x00007ffe3daf0000 - 0x00007ffe3daf8000 	C:\WINDOWS\System32\NSI.dll
0x00007ffe3a260000 - 0x00007ffe3a29a000 	C:\WINDOWS\SYSTEM32\IPHLPAPI.DLL
0x00007ffe36f00000 - 0x00007ffe36f0e000 	C:\WINDOWS\System32\winrnr.dll
0x00007ffe375b0000 - 0x00007ffe375cc000 	C:\WINDOWS\system32\NLAapi.dll
0x00007ffe2a390000 - 0x00007ffe2a3a5000 	C:\WINDOWS\system32\wshbth.dll
0x00007ffe35eb0000 - 0x00007ffe35f27000 	C:\WINDOWS\System32\fwpuclnt.dll
0x00007ffe3bc50000 - 0x00007ffe3bc76000 	C:\WINDOWS\System32\bcrypt.dll
0x00007ffe34ba0000 - 0x00007ffe34baa000 	C:\Windows\System32\rasadhlp.dll
0x00007ffe29090000 - 0x00007ffe29284000 	C:\WINDOWS\SYSTEM32\dbghelp.dll

VM Arguments:
jvm_args: -agentlib:jdwp=transport=dt_socket,suspend=y,address=localhost:53430 -javaagent:D:\Program Files\Java\Eclipse\eclipse\configuration\org.eclipse.osgi\226\0\.cp\lib\javaagent-shaded.jar -Dfile.encoding=UTF-8 
java_command: crossword.GridGenerator
java_class_path (initial): D:\Documents and Settings\Oliver\My Documents\Programming and Development\Git\CrosswordGridder\target\classes;D:\Program Files\Java\Eclipse\eclipse\configuration\org.eclipse.osgi\226\0\.cp\lib\javaagent-shaded.jar
Launcher Type: SUN_STANDARD

Environment Variables:
JAVA_HOME=D:\Program Files\Java\jdk1.8.0_25
PATH=D:\Program Files\Java\jdk1.8.0_25\jre\bin;D:/Program Files/Java/jdk1.8.0_25/jre/bin/server;D:/Program Files/Java/jdk1.8.0_25/jre/bin;D:/Program Files/Java/jdk1.8.0_25/jre/lib/amd64;C:\Program Files (x86)\Common Files\Oracle\Java\javapath;C:\WINDOWS\system32;C:\WINDOWS;C:\WINDOWS\System32\Wbem;C:\WINDOWS\System32\WindowsPowerShell\v1.0\;H:\Program Files\Putty\;C:\ProgramData\chocolatey\bin;C:\WINDOWS\System32\OpenSSH\;D:\Program Files\git\cmd;D:\Program Files\git\mingw64\bin;D:\Program Files\git\usr\bin;C:\ProgramData\chocolatey\lib\maven\apache-maven-3.6.3\bin;C:\Users\Oliver\AppData\Local\Microsoft\WindowsApps;;C:\WINDOWS\System32;
USERNAME=Oliver
OS=Windows_NT
PROCESSOR_IDENTIFIER=Intel64 Family 6 Model 94 Stepping 3, GenuineIntel



---------------  S Y S T E M  ---------------

OS: Windows 8.1 , 64 bit Build 9600 

CPU:total 4 (4 cores per cpu, 1 threads per core) family 6 model 94 stepping 3, cmov, cx8, fxsr, mmx, sse, sse2, sse3, ssse3, sse4.1, sse4.2, popcnt, avx, avx2, aes, clmul, erms, rtm, lzcnt, tsc, tscinvbit, bmi1, bmi2

Memory: 4k page, physical 16654772k(4712368k free), swap 19145140k(3178104k free)

vm_info: Java HotSpot(TM) 64-Bit Server VM (25.25-b02) for windows-amd64 JRE (1.8.0_25-b18), built on Oct  7 2014 14:25:37 by "java_re" with MS VC++ 10.0 (VS2010)

time: Sat Jan 09 18:33:45 2021
elapsed time: 33 seconds (0d 0h 0m 33s)

